2019-12-02 17:43:31.123  INFO 4256 --- [restartedMain] c.p.s.s.SocialMediaAgentApplication      : Starting SocialMediaAgentApplication on Ranjeet-PC with PID 4256 (C:\Users\Ranjeet\Desktop\SUPPERT_SYSTEM\target\classes started by Ranjeet in C:\Users\Ranjeet\Desktop\SUPPERT_SYSTEM)
2019-12-02 17:43:31.124  INFO 4256 --- [restartedMain] c.p.s.s.SocialMediaAgentApplication      : No active profile set, falling back to default profiles: default
2019-12-02 17:43:32.402  INFO 4256 --- [restartedMain] o.s.b.w.embedded.tomcat.TomcatWebServer  : Tomcat initialized with port(s): 2706 (http)
2019-12-02 17:43:32.404  INFO 4256 --- [restartedMain] o.apache.catalina.core.StandardService   : Starting service [Tomcat]
2019-12-02 17:43:32.405  INFO 4256 --- [restartedMain] org.apache.catalina.core.StandardEngine  : Starting Servlet engine: [Apache Tomcat/9.0.14]
2019-12-02 17:43:32.424  INFO 4256 --- [restartedMain] o.a.c.c.C.[Tomcat].[localhost].[/]       : Initializing Spring embedded WebApplicationContext
2019-12-02 17:43:32.650  INFO 4256 --- [restartedMain] o.s.b.a.e.web.ServletEndpointRegistrar   : Registered '/actuator/jolokia' to jolokia-actuator-endpoint
2019-12-02 17:43:32.946  INFO 4256 --- [restartedMain] o.s.b.a.e.web.EndpointLinksResolver      : Exposing 17 endpoint(s) beneath base path '/actuator'
2019-12-02 17:43:33.004  INFO 4256 --- [restartedMain] pertySourcedRequestMappingHandlerMapping : Mapped URL path [/v2/api-docs] onto method [public org.springframework.http.ResponseEntity<springfox.documentation.spring.web.json.Json> springfox.documentation.swagger2.web.Swagger2Controller.getDocumentation(java.lang.String,javax.servlet.http.HttpServletRequest)]
2019-12-02 17:43:33.053  INFO 4256 --- [restartedMain] o.s.b.d.a.OptionalLiveReloadServer       : LiveReload server is running on port 35729
2019-12-02 17:43:33.223  INFO 4256 --- [restartedMain] o.s.s.c.ThreadPoolTaskScheduler          : Initializing ExecutorService
2019-12-02 17:43:33.286  INFO 4256 --- [restartedMain] .s.s.UserDetailsServiceAutoConfiguration : 

Using generated security password: 8884b7eb-b774-4367-80ca-8c1c452d20d8

2019-12-02 17:43:33.325  INFO 4256 --- [restartedMain] o.s.s.c.ThreadPoolTaskScheduler          : Initializing ExecutorService 'taskScheduler'
2019-12-02 17:43:33.642  INFO 4256 --- [restartedMain] d.s.w.p.DocumentationPluginsBootstrapper : Context refreshed
2019-12-02 17:43:33.644  INFO 4256 --- [restartedMain] d.s.w.p.DocumentationPluginsBootstrapper : Found 1 custom documentation plugin(s)
2019-12-02 17:43:33.656  INFO 4256 --- [restartedMain] s.d.s.w.s.ApiListingReferenceScanner     : Scanning for api listing references
2019-12-02 17:43:33.671  INFO 4256 --- [restartedMain] o.s.b.w.embedded.tomcat.TomcatWebServer  : Tomcat started on port(s): 2706 (http) with context path ''
2019-12-02 17:43:33.673  INFO 4256 --- [restartedMain] c.p.s.s.SocialMediaAgentApplication      : Started SocialMediaAgentApplication in 2.608 seconds (JVM running for 5046.086)
2019-12-02 17:43:33.678  INFO 4256 --- [restartedMain] .ConditionEvaluationDeltaLoggingListener : Condition evaluation unchanged
2019-12-02 17:43:33.980  INFO 4256 --- [http-nio-2706-exec-4] o.a.c.c.C.[Tomcat].[localhost].[/]       : Initializing Spring DispatcherServlet 'dispatcherServlet'
2019-12-02 17:43:33.980  INFO 4256 --- [registrationTask1] d.c.b.a.c.r.ApplicationRegistrator       : Application registered itself as d6086ff4af78
2019-12-02 17:43:37.056  INFO 4256 --- [http-nio-2706-exec-8] c.p.s.s.i.CommonDataInterceptor          : null:::::::::::: tenatID null
2019-12-02 17:43:37.058  INFO 4256 --- [http-nio-2706-exec-8] c.p.s.s.i.CommonDataInterceptor          : CommonDataInterceptor.preHandle ---> Req1
2019-12-02 17:43:37.058  INFO 4256 --- [http-nio-2706-exec-8] c.p.s.s.i.CommonDataInterceptor          : Req1:::::::::::: Request URL: http://Ranjeet-PC:2706/ERO/actuator/health
2019-12-02 17:43:37.058  INFO 4256 --- [http-nio-2706-exec-8] c.p.s.s.i.CommonDataInterceptor          : Req1:::::::::::: Request IP: 192.168.1.11
2019-12-02 17:43:37.059  INFO 4256 --- [http-nio-2706-exec-8] c.p.s.s.i.CommonDataInterceptor          : Req1:::::::::::: Start Time: 2019-12-02 17:43:37.055
2019-12-02 17:43:37.061  INFO 4256 --- [http-nio-2706-exec-8] c.p.s.s.i.CommonDataInterceptor          : Req1:::::::::::: AfterCompletion of Time Taken For Excecution: 6 ms
2019-12-02 17:43:37.063  INFO 4256 --- [http-nio-2706-exec-8] c.p.s.s.i.CommonDataInterceptor          : null:::::::::::: tenatID null
2019-12-02 17:43:37.063  INFO 4256 --- [http-nio-2706-exec-8] c.p.s.s.i.CommonDataInterceptor          : CommonDataInterceptor.preHandle ---> Req2
2019-12-02 17:43:37.063  INFO 4256 --- [http-nio-2706-exec-8] c.p.s.s.i.CommonDataInterceptor          : Req2:::::::::::: Request URL: http://Ranjeet-PC:2706/error
2019-12-02 17:43:37.063  INFO 4256 --- [http-nio-2706-exec-8] c.p.s.s.i.CommonDataInterceptor          : Req2:::::::::::: Request IP: 192.168.1.11
2019-12-02 17:43:37.063  INFO 4256 --- [http-nio-2706-exec-8] c.p.s.s.i.CommonDataInterceptor          : Req2:::::::::::: Start Time: 2019-12-02 17:43:37.063
2019-12-02 17:43:37.069  INFO 4256 --- [http-nio-2706-exec-8] c.p.s.s.i.CommonDataInterceptor          : Req2:::::::::::: AfterCompletion of Time Taken For Excecution: 6 ms
2019-12-02 17:43:38.530  INFO 4256 --- [Thread-15] o.s.s.c.ThreadPoolTaskScheduler          : Shutting down ExecutorService 'taskScheduler'
2019-12-02 17:43:38.532  INFO 4256 --- [Thread-15] o.s.s.c.ThreadPoolTaskScheduler          : Shutting down ExecutorService
